2022-05-22 21:59:39 [py.warnings] WARNING: C:\ProgramData\Anaconda3\lib\site-packages\scrapy\core\scraper.py:157: UserWarning: Unable to determine whether or not "WangyiSpider.parse_detail_page" is a generator with a return value. This will not prevent your code from working, but it prevents Scrapy from detecting potential issues in your implementation of "WangyiSpider.parse_detail_page". Please, report this in the Scrapy issue tracker (https://github.com/scrapy/scrapy/issues), including the code of "WangyiSpider.parse_detail_page"
  warn_on_generator_with_return_value(spider, callback)

2022-05-22 21:59:42 [scrapy.core.scraper] ERROR: Error processing {'address': '上海市',
 'category': '美术>设计类',
 'date': '2022-05-20',
 'depart': '互动娱乐事业群',
 'description': 'Job description:，Be a driving force in the Art Department to '
                'create immersive game environments and a cast of iconic '
                'characters in a variety of genres and styles. Candidate may '
                'work on co-dev project(s) which require close collaboration '
                'with other excellent studios.，• Sketch your original ideas '
                'and solve every sort of visual challenge while respecting the '
                'projects style-guide and the restrictions of the medium，• '
                'Polish your work to the highest possible quality for 3D '
                'production，• Seek feedback proactively and share your '
                'experience and knowledge freely，• Create characters and '
                'environments alike, it’s ok to have a preference，• '
                'Communicate frequently with the Art Team in Shanghai and our '
                'partners in global',
 'education': '不限',
 'experience': '10年以上',
 'link': 'https://hr.163.com/position/detail.do?id=38530',
 'name': 'Senior Concept Artist- Shanghai/Remote work',
 'num': '5人',
 'requirement': 'Job requirements，• At least 2-3 AAA games experience  ，• '
                'Multiple games shipped and experience of the Concept Artist’s '
                'role in several production stages is greatly appreciated，• '
                'Production sense. Capability of thinking with whole picture. '
                'Knowledge of other disciplines is a plus.，• Excellent '
                'draftsmanship to showcase ideas without effort，• Strong '
                'fundamentals of anatomy, character design, perspective, '
                'composition and the lighting of materials and form，• '
                'Curiosity for multiple genres from Military, Sci-Fi, Urban, '
                'Medieval to Fantasy，• Ability to think 3D and knowledge of '
                'how your work translates into the game，• Experience with 3D '
                'software is a plus, blender preferred，• Value working with '
                'specific styles, including a style set by another artist or '
                'Art Director, and mentor other concept artists to strengthen '
                'our new team，• Leadership is a plus. Be a true team player '
                'and help others succeed. ，• Know your Digital Drawing '
                'Software inside out and how to work in collaboration with '
                'other artists，• Professional level of organization, '
                'self-motivation and strong ownership  ，• Ability to interpret '
                'and convey ideas concisely and efficiently',
 'type': '全职'}
Traceback (most recent call last):
  File "C:\ProgramData\Anaconda3\lib\site-packages\twisted\internet\defer.py", line 857, in _runCallbacks
    current.result = callback(  # type: ignore[misc]
  File "C:\ProgramData\Anaconda3\lib\site-packages\scrapy\utils\defer.py", line 162, in f
    return deferred_from_coro(coro_f(*coro_args, **coro_kwargs))
  File "D:\python项目\爬虫项目\wangyiJob\wangyiJob\pipelines.py", line 34, in process_item
    self.handler.write(line)
UnicodeEncodeError: 'gbk' codec can't encode character '\u2022' in position 549: illegal multibyte sequence
2022-05-22 22:01:06 [py.warnings] WARNING: C:\ProgramData\Anaconda3\lib\site-packages\scrapy\core\scraper.py:157: UserWarning: Unable to determine whether or not "WangyiSpider.parse_detail_page" is a generator with a return value. This will not prevent your code from working, but it prevents Scrapy from detecting potential issues in your implementation of "WangyiSpider.parse_detail_page". Please, report this in the Scrapy issue tracker (https://github.com/scrapy/scrapy/issues), including the code of "WangyiSpider.parse_detail_page"
  warn_on_generator_with_return_value(spider, callback)

2022-05-22 22:01:10 [scrapy.core.scraper] ERROR: Error processing {'address': '上海市',
 'category': '美术>设计类',
 'date': '2022-05-20',
 'depart': '互动娱乐事业群',
 'description': 'Job description:，Be a driving force in the Art Department to '
                'create immersive game environments and a cast of iconic '
                'characters in a variety of genres and styles. Candidate may '
                'work on co-dev project(s) which require close collaboration '
                'with other excellent studios.，• Sketch your original ideas '
                'and solve every sort of visual challenge while respecting the '
                'projects style-guide and the restrictions of the medium，• '
                'Polish your work to the highest possible quality for 3D '
                'production，• Seek feedback proactively and share your '
                'experience and knowledge freely，• Create characters and '
                'environments alike, it’s ok to have a preference，• '
                'Communicate frequently with the Art Team in Shanghai and our '
                'partners in global',
 'education': '不限',
 'experience': '10年以上',
 'link': 'https://hr.163.com/position/detail.do?id=38530',
 'name': 'Senior Concept Artist- Shanghai/Remote work',
 'num': '5人',
 'requirement': 'Job requirements，• At least 2-3 AAA games experience  ，• '
                'Multiple games shipped and experience of the Concept Artist’s '
                'role in several production stages is greatly appreciated，• '
                'Production sense. Capability of thinking with whole picture. '
                'Knowledge of other disciplines is a plus.，• Excellent '
                'draftsmanship to showcase ideas without effort，• Strong '
                'fundamentals of anatomy, character design, perspective, '
                'composition and the lighting of materials and form，• '
                'Curiosity for multiple genres from Military, Sci-Fi, Urban, '
                'Medieval to Fantasy，• Ability to think 3D and knowledge of '
                'how your work translates into the game，• Experience with 3D '
                'software is a plus, blender preferred，• Value working with '
                'specific styles, including a style set by another artist or '
                'Art Director, and mentor other concept artists to strengthen '
                'our new team，• Leadership is a plus. Be a true team player '
                'and help others succeed. ，• Know your Digital Drawing '
                'Software inside out and how to work in collaboration with '
                'other artists，• Professional level of organization, '
                'self-motivation and strong ownership  ，• Ability to interpret '
                'and convey ideas concisely and efficiently',
 'type': '全职'}
Traceback (most recent call last):
  File "C:\ProgramData\Anaconda3\lib\site-packages\twisted\internet\defer.py", line 857, in _runCallbacks
    current.result = callback(  # type: ignore[misc]
  File "C:\ProgramData\Anaconda3\lib\site-packages\scrapy\utils\defer.py", line 162, in f
    return deferred_from_coro(coro_f(*coro_args, **coro_kwargs))
  File "D:\python项目\爬虫项目\wangyiJob\wangyiJob\pipelines.py", line 34, in process_item
    self.handler.write(line)
UnicodeEncodeError: 'gbk' codec can't encode character '\u2022' in position 549: illegal multibyte sequence
2022-05-22 22:02:18 [py.warnings] WARNING: C:\ProgramData\Anaconda3\lib\site-packages\scrapy\core\scraper.py:157: UserWarning: Unable to determine whether or not "WangyiSpider.parse_detail_page" is a generator with a return value. This will not prevent your code from working, but it prevents Scrapy from detecting potential issues in your implementation of "WangyiSpider.parse_detail_page". Please, report this in the Scrapy issue tracker (https://github.com/scrapy/scrapy/issues), including the code of "WangyiSpider.parse_detail_page"
  warn_on_generator_with_return_value(spider, callback)

2022-05-22 22:02:19 [scrapy.core.scraper] ERROR: Error processing {'address': '上海市',
 'category': '美术>设计类',
 'date': '2022-05-20',
 'depart': '互动娱乐事业群',
 'description': 'Job description:，Be a driving force in the Art Department to '
                'create immersive game environments and a cast of iconic '
                'characters in a variety of genres and styles. Candidate may '
                'work on co-dev project(s) which require close collaboration '
                'with other excellent studios.，• Sketch your original ideas '
                'and solve every sort of visual challenge while respecting the '
                'projects style-guide and the restrictions of the medium，• '
                'Polish your work to the highest possible quality for 3D '
                'production，• Seek feedback proactively and share your '
                'experience and knowledge freely，• Create characters and '
                'environments alike, it’s ok to have a preference，• '
                'Communicate frequently with the Art Team in Shanghai and our '
                'partners in global',
 'education': '不限',
 'experience': '10年以上',
 'link': 'https://hr.163.com/position/detail.do?id=38530',
 'name': 'Senior Concept Artist- Shanghai/Remote work',
 'num': '5人',
 'requirement': 'Job requirements，• At least 2-3 AAA games experience  ，• '
                'Multiple games shipped and experience of the Concept Artist’s '
                'role in several production stages is greatly appreciated，• '
                'Production sense. Capability of thinking with whole picture. '
                'Knowledge of other disciplines is a plus.，• Excellent '
                'draftsmanship to showcase ideas without effort，• Strong '
                'fundamentals of anatomy, character design, perspective, '
                'composition and the lighting of materials and form，• '
                'Curiosity for multiple genres from Military, Sci-Fi, Urban, '
                'Medieval to Fantasy，• Ability to think 3D and knowledge of '
                'how your work translates into the game，• Experience with 3D '
                'software is a plus, blender preferred，• Value working with '
                'specific styles, including a style set by another artist or '
                'Art Director, and mentor other concept artists to strengthen '
                'our new team，• Leadership is a plus. Be a true team player '
                'and help others succeed. ，• Know your Digital Drawing '
                'Software inside out and how to work in collaboration with '
                'other artists，• Professional level of organization, '
                'self-motivation and strong ownership  ，• Ability to interpret '
                'and convey ideas concisely and efficiently',
 'type': '全职'}
Traceback (most recent call last):
  File "C:\ProgramData\Anaconda3\lib\site-packages\twisted\internet\defer.py", line 857, in _runCallbacks
    current.result = callback(  # type: ignore[misc]
  File "C:\ProgramData\Anaconda3\lib\site-packages\scrapy\utils\defer.py", line 162, in f
    return deferred_from_coro(coro_f(*coro_args, **coro_kwargs))
  File "D:\python项目\爬虫项目\wangyiJob\wangyiJob\pipelines.py", line 34, in process_item
    self.handler.write(line)
UnicodeEncodeError: 'gbk' codec can't encode character '\u2022' in position 549: illegal multibyte sequence
2022-05-22 22:06:18 [scrapy.core.scraper] ERROR: Spider error processing <GET https://hr.163.com/position/list.do?currentPage=101> (referer: https://hr.163.com/position/list.do?currentPage=100)
Traceback (most recent call last):
  File "C:\ProgramData\Anaconda3\lib\site-packages\scrapy\utils\defer.py", line 132, in iter_errback
    yield next(it)
  File "C:\ProgramData\Anaconda3\lib\site-packages\scrapy\utils\python.py", line 354, in __next__
    return next(self.data)
  File "C:\ProgramData\Anaconda3\lib\site-packages\scrapy\utils\python.py", line 354, in __next__
    return next(self.data)
  File "C:\ProgramData\Anaconda3\lib\site-packages\scrapy\core\spidermw.py", line 66, in _evaluate_iterable
    for r in iterable:
  File "C:\ProgramData\Anaconda3\lib\site-packages\scrapy\spidermiddlewares\offsite.py", line 29, in process_spider_output
    for x in result:
  File "C:\ProgramData\Anaconda3\lib\site-packages\scrapy\core\spidermw.py", line 66, in _evaluate_iterable
    for r in iterable:
  File "C:\ProgramData\Anaconda3\lib\site-packages\scrapy\spidermiddlewares\referer.py", line 342, in <genexpr>
    return (_set_referer(r) for r in result or ())
  File "C:\ProgramData\Anaconda3\lib\site-packages\scrapy\core\spidermw.py", line 66, in _evaluate_iterable
    for r in iterable:
  File "C:\ProgramData\Anaconda3\lib\site-packages\scrapy\spidermiddlewares\urllength.py", line 40, in <genexpr>
    return (r for r in result or () if _filter(r))
  File "C:\ProgramData\Anaconda3\lib\site-packages\scrapy\core\spidermw.py", line 66, in _evaluate_iterable
    for r in iterable:
  File "C:\ProgramData\Anaconda3\lib\site-packages\scrapy\spidermiddlewares\depth.py", line 58, in <genexpr>
    return (r for r in result or () if _filter(r))
  File "C:\ProgramData\Anaconda3\lib\site-packages\scrapy\core\spidermw.py", line 66, in _evaluate_iterable
    for r in iterable:
  File "D:\python项目\爬虫项目\wangyiJob\wangyiJob\spiders\wangyi.py", line 31, in parse
    next_page = response.xpath('//div[@class="m-page"]/a/@href').extract()[-1]
IndexError: list index out of range
